C51 COMPILER V9.59.0.0   PANTALLAS                                                         08/10/2021 14:27:45 PAGE 1   


C51 COMPILER V9.59.0.0, COMPILATION OF MODULE PANTALLAS
OBJECT MODULE PLACED IN .\Objects\pantallas.obj
COMPILER INVOKED BY: C:\Keil_v5\C51\BIN\C51.EXE pantallas.c LARGE OPTIMIZE(8,SPEED) BROWSE DEBUG OBJECTEXTEND PRINT(.\Li
                    -stings\pantallas.lst) TABS(2) OBJECT(.\Objects\pantallas.obj)

line level    source

   1          #include<pantallas.h>
   2          #include <reg51.h>
   3          #include <string.h>
   4          
   5          sbit sel_com = P0^7;        //Micro switch  
   6          /* varibles externas*/
   7          extern  unsigned char Tipo_Vehiculo;  
   8          extern unsigned char  Raspberry;
   9          /*funciones externas*/
  10          extern char putchar (char c);
  11          extern void Block_read_Clock(unsigned char *datos_clock);
  12          extern void DebugBufferMF(unsigned char *str,unsigned char num_char,char io);
  13          extern void Debug_Dividir_texto();
  14          extern void clean_tx();
  15          extern void serie_ascii_siceros_l(unsigned char *serie);
  16          extern void clear_buffer();
  17          extern void Debug_txt_Tibbo(unsigned char * str);
  18          extern void Debug_chr_Tibbo(unsigned char Dat);
  19          
  20          #define ERROR_LOOP              0XE0
  21          #define TARJETA_INVALIDA        0XE1
  22          #define TARJETA_SIN_FORMATO     0xDF
  23          #define ERROR_COD_PARK          0XE5
  24          #define SIN_INGRESO             0XE6
  25          #define SIN_PAGO                0XE7
  26          #define EXCEDE_GRACIA           0XE8
  27          #define FUERA_DE_LINEA          0XB6
  28          #define LECTURA_DE_TARJETAS     0xB0
  29          
  30          #define INGRESO                 0xFA
  31          #define BIENVENIDO              0XFE
  32          #define GRACIAS                 0XFF
  33          
  34          #define NOTIFIQUE_EVP           'N'
  35          #define NO_NOTIFIQUE_EVP        'S'
  36          #define COMPARANDO_PLACA        'P'           /*msj de error de placa*/
  37          #define ENVIANDO_COD            'D'
  38          #define INFO1                   'I'
  39          #define INFO2                   'i'
  40          
  41          
  42          //#define GRACIAS                 91    
  43          #define LECTURA_WIEGAND         92          //0xB0
  44          
  45          #define EXPIRO                  94            //B4
  46          #define EXCEDE_HORARIO          95
  47          #define MENSUAL_NO_PAGO         97
  48          
  49          #define TARJETA_VENCIDA         180
  50          
  51          
  52          #define NO_MENSUAL_NI_PREPAGO   96
  53          #define NO_IN_PARK              93            //B2
  54          #define IN_PARK                 99
C51 COMPILER V9.59.0.0   PANTALLAS                                                         08/10/2021 14:27:45 PAGE 2   

  55          #define EXPIRO                  94    
  56          #define MENSUAL_FUERA_HORARIO   98
  57          #define BIENVENIDO_WIEGAN       0x9b
  58          #define LOTE_FULL               05
  59          
  60          #define NUL                     0x00
  61          #define SOH                     0x01
  62          #define STX                     0x02
  63          
  64          #define CAN                     0X18
  65          
  66          
  67          /*------------------------------------------------------------------------------
  68          transmite el caracter pto serie
  69          data_com = al caracter a escribir
  70          enable_char_add = si esta en (1) envia un null (0) adicional, si es (0) no envia caracter adicional
  71          ------------------------------------------------------------------------------*/
  72          void tx_chrlcd (unsigned char data_com, unsigned char enable_char_add)
  73          {
  74   1        unsigned char d;
  75   1        
  76   1        d=putchar(data_com);
  77   1        if (enable_char_add != 0) 
  78   1          {d=putchar(0x00);}
  79   1      
  80   1          
  81   1      }
  82          /*------------------------------------------------------------------------------
  83          envia un msj asta null(0)
  84          msg= apuntador del msj
  85          enable_char_add = si esta en (1) envia un null. (0) adicional, si es (0) no envia caracter adicional
  86          ------------------------------------------------------------------------------*/
  87          void LCD_txt (unsigned char * msg,unsigned char enable_char_add )
  88          {
  89   1        unsigned char i;
  90   1        
  91   1        for (i=0; msg[i] != '\0'; i++)
  92   1        {
  93   2          tx_chrlcd(msg[i],enable_char_add);
  94   2        }
  95   1      }
  96          /*------------------------------------------------------------------------------
  97          Escribo el reloj en ascii en bloque 
  98          msg= apuntador del msj
  99          length_char longitud de la tram
 100          enable_char_add = si esta en (1) envia un null (0) adicional, si es (0) no envia caracter adicional
 101          ------------------------------------------------------------------------------*/
 102          void LCD_txt_num_char(unsigned char * msg,unsigned char length_char, unsigned char enable_char_add)
 103          {
 104   1        unsigned char i;
 105   1         
 106   1        for (i=0; i<length_char; i++)
 107   1        {
 108   2          tx_chrlcd(msg[i],enable_char_add);
 109   2        }
 110   1      }
 111          /*------------------------------------------------------------------------------
 112          Escribo el reloj en ascii en bloque 
 113          AA 80 28 trama de inicio de configuracion de la pantalla
 114          07 numero de caracteres de la trama de reloj
 115          20 19 03 26 09 21 20  el dato del reloj
 116          ------------------------------------------------------------------------------*/
C51 COMPILER V9.59.0.0   PANTALLAS                                                         08/10/2021 14:27:45 PAGE 3   

 117          void Reloj_Pantalla_Lcd()
 118          {
 119   1      
 120   1       unsigned char Ini_Clock_LCD   []={0xaa,0x80,0x28,0x07,0x20,0x00,0,0,0,0,20,0,0} ;
 121   1                sel_com=0;                                                                      /*switch del pto serie a la pantalla*/
 122   1                Block_read_Clock(Ini_Clock_LCD+5);                                              /*Leo el reloj programado*/
 123   1                //Debug_Dividir_texto();                                                          /*lineas de separacion del texto*/
 124   1                //DebugBufferMF(Ini_Clock_LCD,12,0);                                              /*muestra la trama por debug*/
 125   1                //Debug_Dividir_texto();                                                          /*linea de separacion de texto*/
 126   1                REN = 0;                                                                        /*inhabilita recepcion de datos*/
 127   1                LCD_txt_num_char(Ini_Clock_LCD,13,0);                                           /*cmd de inicializacion del reloj del lcd*
             -/
 128   1                                                            
 129   1                REN = 1;                                                                        /*habilita recepcion de datos*/
 130   1                sel_com=1;                                                                      /*switch pto serie a verificador o expedidor */
 131   1      }
 132          void Raspberry_data (unsigned char *msjpantalla)
 133          {
 134   1        
 135   1        unsigned char i;
 136   1        unsigned char lenth_cadena;
 137   1        unsigned char d;
 138   1        
 139   1        
 140   1        lenth_cadena=strlen(msjpantalla);
 141   1        
 142   1        for (i=0; i < lenth_cadena ; i++)
 143   1        {
 144   2            
 145   2          for (d=0; d<100; d++)
 146   2         {
 147   3         }
 148   2          d=putchar(*(msjpantalla + i));
 149   2      
 150   2        }
 151   1        
 152   1          
 153   1          for (d=0; d<100; d++)
 154   1         {
 155   2          /*** DO NOTHING ***/
 156   2          }
 157   1        
 158   1      }
 159          /*------------------------------------------------------------------------------
 160          Rutina de msj de pantalla
 161          0xaa,0x80,0x18 cmd de inicio lcd
 162          0x01  numero de linea
 163          0x02  tiempo de duracion del msj en minutos si especifica (00)no hay msj en el lcd si es (ff) el msj const
             -ante
 164          0x00,0xnn numero de caracteres a impirmir
 165          ------------------------------------------------------------------------------*/
 166          void PantallaLCD(unsigned char cod_msg)
 167          {
 168   1      unsigned char bar[15];
 169   1      unsigned char datos[25];
 170   1      unsigned char Ini_LCD_Line_one   []={0xaa,0x80,CAN,SOH,STX,0x00} ;
 171   1      unsigned char Ini_LCD_Line_two   []={0xaa,0x80,0x18,0x02,0x02,0x00} ;
 172   1      
 173   1        
 174   1      unsigned char num_chr;
 175   1      
 176   1        
C51 COMPILER V9.59.0.0   PANTALLAS                                                         08/10/2021 14:27:45 PAGE 4   

 177   1          sel_com=0;
 178   1        
 179   1          if (Raspberry==0)
 180   1          {
 181   2            LCD_txt (Ini_LCD_Line_one,0);
 182   2            
 183   2            switch (cod_msg)
 184   2            {
 185   3          
 186   3              case 'P':
 187   3                
 188   3                num_chr=strlen((unsigned char *) "ERROR: VALIDANDO PLACA... ");
 189   3                tx_chrlcd(0x00,0);
 190   3                tx_chrlcd(num_chr*2,0);
 191   3                LCD_txt ((unsigned char *)       "ERROR: VALIDANDO PLACA... ",1);
 192   3                
 193   3                break;
 194   3      
 195   3              case ERROR_LOOP:
 196   3                
 197   3                num_chr=strlen((unsigned char *) "ERROR: LOOP1 SIN PRESENCIA VEHICULAR ");  
 198   3                tx_chrlcd(0x00,0);
 199   3                tx_chrlcd(num_chr*2,0);
 200   3                LCD_txt ((unsigned char *)       "ERROR: LOOP1 SIN PRESENCIA VEHICULAR ",1);
 201   3                
 202   3                break;
 203   3              
 204   3              case TARJETA_INVALIDA:
 205   3                
 206   3                num_chr=strlen((unsigned char *) "ERROR: TARJETA INVALIDA "); 
 207   3                tx_chrlcd(0x00,0);
 208   3                tx_chrlcd(num_chr*2,0);
 209   3                LCD_txt ((unsigned char *)       "ERROR: TARJETA INVALIDA ",1);
 210   3                
 211   3                break;
 212   3              
 213   3              case ERROR_COD_PARK:
 214   3          
 215   3                num_chr=strlen((unsigned char *) "TARJETA NO ES DEL PARQ. ");
 216   3                tx_chrlcd(0x00,0);
 217   3                tx_chrlcd(num_chr*2,0);
 218   3                LCD_txt ((unsigned char *)       "TARJETA NO ES DEL PARQ. ",1);
 219   3          
 220   3                break;
 221   3                
 222   3              case TARJETA_SIN_FORMATO:
 223   3          
 224   3                num_chr=strlen((unsigned char *) "TARJETA SIN FORMATO ");
 225   3                tx_chrlcd(0x00,0);
 226   3                tx_chrlcd(num_chr*2,0);
 227   3                LCD_txt((unsigned char *)        "TARJETA SIN FORMATO ",1);
 228   3      
 229   3                break;
 230   3                
 231   3              case SIN_PAGO:
 232   3          
 233   3                num_chr=strlen((unsigned char *) "TARJETA NO REGISTRA PAGO ");
 234   3                tx_chrlcd(0x00,0);
 235   3                tx_chrlcd(num_chr*2,0);
 236   3                LCD_txt ((unsigned char *)       "TARJETA NO REGISTRA PAGO ",1);
 237   3      
 238   3                break;
C51 COMPILER V9.59.0.0   PANTALLAS                                                         08/10/2021 14:27:45 PAGE 5   

 239   3                  
 240   3              case EXCEDE_GRACIA:
 241   3          
 242   3                num_chr=strlen((unsigned char *) "EXCEDE TIEMPO DE GRACIA ");
 243   3                tx_chrlcd(0x00,0);
 244   3                tx_chrlcd(num_chr*2,0);
 245   3                LCD_txt ((unsigned char *)       "EXCEDE TIEMPO DE GRACIA ",1);
 246   3            
 247   3                break;
 248   3              
 249   3              case  FUERA_DE_LINEA:
 250   3                
 251   3                num_chr=strlen((unsigned char *) "FUERA DE LINEA ");
 252   3                tx_chrlcd(0x00,0);
 253   3                tx_chrlcd(num_chr*2,0);
 254   3                LCD_txt((unsigned char *)        "FUERA DE LINEA ",1);
 255   3              
 256   3                break;
 257   3              
 258   3              case  BIENVENIDO:
 259   3                
 260   3                num_chr=strlen((unsigned char *) "BIENVENIDO PULSE EL BOTON ");
 261   3                tx_chrlcd(0x00,0);
 262   3                tx_chrlcd(num_chr*2,0);
 263   3                LCD_txt((unsigned char *)        "BIENVENIDO PULSE EL BOTON ",1);
 264   3                
 265   3                break;
 266   3              
 267   3              case  SIN_INGRESO:
 268   3                
 269   3                num_chr=strlen((unsigned char *) "ERROR: SIN INGRESO ");
 270   3                tx_chrlcd(0x00,0);
 271   3                tx_chrlcd(num_chr*2,0);
 272   3                LCD_txt((unsigned char *)        "ERROR: SIN INGRESO ",1);
 273   3                
 274   3                break;
 275   3              case INGRESO:
 276   3                serie_ascii_siceros_l(bar);
 277   3                strcpy(datos,"TICKET No.");
 278   3                strcat(datos,bar);
 279   3              
 280   3                num_chr=strlen(datos)+1;
 281   3               
 282   3              
 283   3                tx_chrlcd(0x00,0);
 284   3                tx_chrlcd(num_chr*2,0);
 285   3                LCD_txt_num_char(datos,num_chr,1);
 286   3                              
 287   3                break;
 288   3          }
 289   2              sel_com=1;  
 290   2        }
 291   1          else
 292   1          {
 293   2            sel_com=0;   
 294   2               switch (cod_msg)
 295   2               {
 296   3                case BIENVENIDO:
 297   3                //  strcpy(msjpantalla,"a;03;BIENVENIDO\n\0");
 298   3                 Raspberry_data((unsigned char  *) "a;03;BIENVENIDO\n\r\0");
 299   3                    //Raspberry_data (msjpantalla);
 300   3                   
C51 COMPILER V9.59.0.0   PANTALLAS                                                         08/10/2021 14:27:45 PAGE 6   

 301   3                    break;
 302   3                case TARJETA_VENCIDA:
 303   3                  //strcpy(msjpantalla,"a;07;¡ MENSUALIDAD VENCIDA !\n\0");
 304   3                  //   Raspberry_data (msjpantalla);
 305   3                  Raspberry_data((unsigned char  *)  "a;07;¡ MENSUALIDAD VENCIDA !\n\r\0");
 306   3                     break; 
 307   3                 case EXPIRO:
 308   3                   //strcpy(msjpantalla,"a;94;MENSUALIDAD VENCIDA\n\0");
 309   3                      //  Raspberry_data(msjpantalla);
 310   3                  Raspberry_data((unsigned char  *) "a;94;MENSUALIDAD EXPIRO\n\r\0");
 311   3                        break;
 312   3                  case EXCEDE_HORARIO:
 313   3                   //strcpy(msjpantalla,"a;95;MENSUALIDAD EXCEDE HORARIO ACERQUESE A CAJA\n\0");
 314   3                    //    Raspberry_data(msjpantalla);
 315   3                    Raspberry_data((unsigned char  *) "a;95;MENSUALIDAD EXCEDE HORARIO ACERQUESE A CAJA\n\r\0");
 316   3                        break;
 317   3                  case MENSUAL_NO_PAGO:
 318   3                    //strcpy(msjpantalla,"a;97;MENSUAL NO PAGO LOCACION HOY\n\0");
 319   3                    //    Raspberry_data(msjpantalla);
 320   3                    Raspberry_data((unsigned char  *) "a;97;MENSUAL NO PAGO LOCACION HOY\n\r\0");
 321   3                        break;
 322   3                  case IN_PARK:
 323   3                        //strcpy(msjpantalla,"a;93;MENSUAL ESTA EN PARQUEADERO\n\0");
 324   3                        //Raspberry_data (msjpantalla);
 325   3                        Raspberry_data((unsigned char  *) "a;93;MENSUAL YA ESTA EN PARQUEADERO\n\r\0");
 326   3                        break;
 327   3                  case MENSUAL_FUERA_HORARIO:
 328   3                  //strcpy(msjpantalla,"a;06;MENSUAL FUERA DE HORARIO\n\0");
 329   3                    // Raspberry_data (msjpantalla);
 330   3                     Raspberry_data((unsigned char  *) "a;06;MENSUAL FUERA DE HORARIO\n\r\0");
 331   3                     break;
 332   3                  case NO_MENSUAL_NI_PREPAGO:
 333   3                   //strcpy(msjpantalla,"a;96;NO ES MENSUALIDAD NI PREPAGO\n\0");
 334   3                    //  Raspberry_data(msjpantalla);
 335   3                        Raspberry_data((unsigned char  *) "a;96;NO ES MENSUALIDAD NI PREPAGO\n\r\0");
 336   3                        break;
 337   3                  case LOTE_FULL:
 338   3                  //strcpy(msjpantalla,"a;99;LOTE ASIGNADO ESTA LLENO\n\0");
 339   3                  //Raspberry_data (msjpantalla);
 340   3                    Raspberry_data((unsigned char  *) "a;92;LOTE ASIGNADO ESTA LLENO\n\r\0");
 341   3                  break;
 342   3                  
 343   3              }
 344   2          }
 345   1            sel_com=1;  
 346   1      }
 347          void PantallaLCD_LINEA_2(unsigned char cod_msg, unsigned char *buffer)
 348          {
 349   1        
 350   1      unsigned char Ini_LCD_Line_one   []={0xaa,0x80,0x18,0x01,0x02,0x00} ;
 351   1      unsigned char msjpantalla [40]= {0};
 352   1      
 353   1      unsigned char num_chr;
 354   1        
 355   1      sel_com=0;
 356   1        
 357   1          if (Raspberry==0)
 358   1          {
 359   2          
 360   2            
 361   2            switch (cod_msg)
 362   2            {
C51 COMPILER V9.59.0.0   PANTALLAS                                                         08/10/2021 14:27:45 PAGE 7   

 363   3          
 364   3              case  LECTURA_DE_TARJETAS:
 365   3                LCD_txt (Ini_LCD_Line_one,0);
 366   3                num_chr=strlen((unsigned char *) "WIEGAND ");
 367   3                num_chr=num_chr+strlen(buffer)+1;
 368   3                tx_chrlcd(0x00,0);
 369   3                tx_chrlcd(num_chr*2,0);
 370   3                LCD_txt((unsigned char *)        "WIEGAND ",1);                       /*funcion q trasmite el msj al LCD  y el 
             -(1) coloca los caracteres NULL*/
 371   3                LCD_txt(buffer,1);                                                    /*funcion q trasmite el msj al LCD  y el (1) coloca los 
             -caracteres NULL*/
 372   3                
 373   3              
 374   3              
 375   3              
 376   3                break;
 377   3              
 378   3              
 379   3            }
 380   2              sel_com=1;
 381   2          }
 382   1          else
 383   1          {
 384   2             sel_com=0;
 385   2            // Debug_txt_Tibbo((unsigned char *) "DATO msj");     
 386   2            // Debug_chr_Tibbo(cod_msg);
 387   2            // Debug_txt_Tibbo((unsigned char *) "\r\n");
 388   2             switch (cod_msg)
 389   2             {
 390   3               case LECTURA_WIEGAND:
 391   3                  
 392   3                           
 393   3                  strcpy(msjpantalla,"a;92;WIEGAND ");
 394   3                       
 395   3                  strcat(msjpantalla,buffer);
 396   3                  
 397   3                  strcat(msjpantalla,"\n");
 398   3                  
 399   3               
 400   3                  Raspberry_data (msjpantalla);
 401   3                  Debug_txt_Tibbo((unsigned char *) "DATO WIEGAND");  
 402   3                  Debug_txt_Tibbo((unsigned char *) msjpantalla); 
 403   3                  Debug_txt_Tibbo((unsigned char *) "\r\n");  
 404   3                  break;
 405   3               
 406   3              //  case TARJETA_VENCIDA:
 407   3              //    strcpy(msjpantalla,"a;07; ¡ MENSUALIDAD VENCIDA ! VENCIO 20");
 408   3              //    num_chr=strlen(buffer);
 409   3              //    *(buffer+(num_chr-1))=0;
 410   3              //    strcat(msjpantalla,buffer);
 411   3              //    strcat(msjpantalla,"\n\0");
 412   3                //  Raspberry_data (msjpantalla);
 413   3                  
 414   3               //   break;
 415   3                   case GRACIAS:
 416   3                  strcpy(msjpantalla,"a;91;GRACIAS ");
 417   3                  num_chr=strlen(buffer);
 418   3                  *(buffer+(num_chr-1))=0;
 419   3                  strcat(msjpantalla,buffer);
 420   3                  strcat(msjpantalla,"\n\0");
 421   3                  Raspberry_data (msjpantalla);
 422   3                
C51 COMPILER V9.59.0.0   PANTALLAS                                                         08/10/2021 14:27:45 PAGE 8   

 423   3                  break;
 424   3                   case BIENVENIDO_WIEGAN:
 425   3                   
 426   3                  strcpy(msjpantalla,"a;03;BIENVENIDO ");
 427   3                 Raspberry_data (msjpantalla);
 428   3            
 429   3                    /*mensual nombre del mensual*/
 430   3                  // num_chr=strlen(buffer);
 431   3                  //*(buffer+(num_chr-1))=0;
 432   3                    strcpy(msjpantalla, buffer);
 433   3                    strcat(msjpantalla,"\n\0");
 434   3                     Raspberry_data (msjpantalla);
 435   3                    
 436   3      
 437   3             
 438   3            }
 439   2        }
 440   1          sel_com=1;
 441   1      }


MODULE INFORMATION:   STATIC OVERLAYABLE
   CODE SIZE        =   1432    ----
   CONSTANT SIZE    =    716    ----
   XDATA SIZE       =   ----     137
   PDATA SIZE       =   ----    ----
   DATA SIZE        =   ----    ----
   IDATA SIZE       =   ----    ----
   BIT SIZE         =   ----    ----
END OF MODULE INFORMATION.


C51 COMPILATION COMPLETE.  0 WARNING(S),  0 ERROR(S)
