C51 COMPILER V9.59.0.0   PTO_PARALELO                                                      07/16/2021 16:28:18 PAGE 1   


C51 COMPILER V9.59.0.0, COMPILATION OF MODULE PTO_PARALELO
OBJECT MODULE PLACED IN .\Objects\pto_paralelo.obj
COMPILER INVOKED BY: C:\Keil_v5\C51\BIN\C51.EXE pto_paralelo.c LARGE OPTIMIZE(8,SPEED) BROWSE DEBUG OBJECTEXTEND PRINT(.
                    -\Listings\pto_paralelo.lst) TABS(2) OBJECT(.\Objects\pto_paralelo.obj)

line level    source

   1          #include <pto_paralelo.h>
   2          #include <reg51.h>
   3          #include <string.h>
   4          
   5          extern void Delay (void);
   6          extern void Delay_20us(unsigned int cnt);
   7          extern void off_Timer0_Interrup(void);
   8          extern void on_Timer0_Interrup(void);
   9          extern void          _nop_     (void);
  10          extern void Block_read_Clock(unsigned char *datos_clock);
  11          extern char lee_clk (unsigned char dir_clk);
  12          extern int sprintf  (char *, const char *, ...);
  13          extern void DebugBufferMF(unsigned char *str,unsigned char num_char,char io);
  14          extern void Debug_Dividir_texto();
  15          extern void Block_read_Clock_Hex(unsigned char *datos_clock);
  16          extern void serie_ascii_siceros_l(unsigned char *serie);
  17          extern void LeerMemoria(unsigned int addres,unsigned char *res);
  18          extern void ceros_izq(unsigned char *dato);
  19          
  20          /*pines del pto paralelo*/
  21          sbit port_clk = P3^4;       //Recepcion AUX                     *
  22          sbit busy = P3^3;           /*bussy de Entrada Interrupcion del Procesador principal      */
  23          sbit ready = P3^2;          //Salida. solicitud envio Datos             *
  24          sbit rx_in_data = P0^6;       //Indicador de Rx Transporte o Lectura Wiegand      *
  25          sbit led_err_imp = P0^2;      //Error   
  26          
  27          #define MAX_DAT_BUFF    40
  28          #define TIME_WBUS       20000
  29          #define STX             02 
  30          #define ETX             03 
  31          /*concecutivo de la factura*/
  32          #define EE_CONSECUTIVO3 0X0500
  33          
  34          /*definicion de variable globales*/
  35          extern int ID_CLIENTE;            
  36          extern int COD_PARK;
  37          extern unsigned char placa[];
  38          extern unsigned char Tipo_Vehiculo;
  39          /*------------------------------------------------------------------------------
  40          
  41          Recibe informacion del Mc principla por pto paralelo
  42          retorna:
  43          num_data= numero de caracteres recibidos
  44          buffer_port= apuntador donde se almacena el dato recibido
  45          busy=0    significa que el principla me transmite una cadena de datos
  46          Ready=0   significa que estoy listo para recibir los datos
  47          time_out= es el tiempo de espera que le damos al ciclo de reloj en alto si se pasa el tiempo se sale por f
             -in de la transmicion 
  48          rx_in_data= 0 prende el led que estoy recibiendo un dato (1) termina la recepcion del dato
  49          
  50          ------------------------------------------------------------------------------*/
  51          unsigned char recibe_port(unsigned char *buffer_port)
  52          {
  53   1      
C51 COMPILER V9.59.0.0   PTO_PARALELO                                                      07/16/2021 16:28:18 PAGE 2   

  54   1        unsigned int count;
  55   1        unsigned char time_out,num_data;
  56   1        unsigned int T_ANCHO=500;
  57   1        
  58   1          
  59   1          off_Timer0_Interrup();        
  60   1          num_data=0;
  61   1          rx_in_data=0;
  62   1          time_out=0;
  63   1          ready=0;
  64   1          count=T_ANCHO;
  65   1      
  66   1        
  67   1          while((busy==0)&&(time_out==0))
  68   1          {
  69   2            count=T_ANCHO;
  70   2            do
  71   2            {
  72   3              count--;
  73   3                if (count==0)
  74   3                {
  75   4                  time_out=1;
  76   4                }
  77   3                
  78   3            }while((port_clk==1)&&(time_out==0));                         /*pulso de reloj alto esperamos el cambio de estado d
             -el reloj a 0  para recibir transmicion*/
  79   2              if ((port_clk==0)&&(time_out==0))
  80   2              {
  81   3              *buffer_port=P2;                                            /*almaceno informacion en el buffer*/
  82   3              num_data++;
  83   3              buffer_port++;
  84   3              count=T_ANCHO;
  85   3              }
  86   2              else
  87   2              { break;}
  88   2            do
  89   2            {
  90   3                      
  91   3            }while ((port_clk==0));                                       /*espero el estado de subida del reloj a 1 para comensar el 
             -ciclo*/
  92   2              
  93   2          }
  94   1        
  95   1          ready=1;
  96   1          rx_in_data=1;
  97   1          on_Timer0_Interrup();
  98   1        
  99   1        return num_data;
 100   1      }
 101          
 102          
 103          /*-------------------------------------------------------------------------------------------
 104          
 105          Rutina de envio de datos pto paralelo
 106          
 107          -------------------------------------------------------------------------------------------*/
 108          void  send_port(unsigned char *buffer_port, unsigned char length_char)
 109          {
 110   1       
 111   1        long int cont;
 112   1        unsigned char timeOut,length;
 113   1        
C51 COMPILER V9.59.0.0   PTO_PARALELO                                                      07/16/2021 16:28:18 PAGE 3   

 114   1        length=length_char;
 115   1      
 116   1        ready=1;                                        // Genera interrupcion al Principal
 117   1        port_clk=1;                                     // El que transmite debe fijar primero el Clk en 1
 118   1        rx_in_data=0;                                   // Led de visualizacion   ON
 119   1        timeOut=0;                                      // Tiempo de Espera
 120   1        ready=0;                                        // Genera interrupcion al Principal
 121   1        cont=TIME_WBUS;
 122   1      
 123   1        while ((busy==1)&&(timeOut==0))                 //Espera reconocimiento INT por entrada busy
 124   1        {
 125   2          ready=0;
 126   2          port_clk=1;
 127   2          cont--;
 128   2          if (cont==0)
 129   2          {
 130   3            timeOut=1;
 131   3            led_err_imp=0;                              // LED ERROR
 132   3          }
 133   2        }
 134   1        if ((timeOut==0)&&(busy==0))
 135   1        {
 136   2            
 137   2          
 138   2          do 
 139   2          {
 140   3            
 141   3                P2=*buffer_port;
 142   3                Pulso_Bus();
 143   3                buffer_port++;
 144   3            
 145   3                length_char--;
 146   3          }while (length_char);
 147   2            
 148   2          }
 149   1        P2=0XFF;
 150   1        ready=1;
 151   1        port_clk=1;
 152   1        rx_in_data=1;                                   //Led de visualizacion  OFF
 153   1        Delay_20us(98);
 154   1            
 155   1          
 156   1      }
 157          
 158          /*-------------------------------------------------------------------------------------------
 159          Funcion q arma la trama a transmitir pto paralelo trama P
 160          -------------------------------------------------------------------------------------------*/ 
 161          /*TEMPORALMENTE FUERA DE SERVICIO EXPEDIDOR TICKET*/
 162          //void Trama_pto_Paralelo_P(unsigned char *buffer_S1_B0,unsigned char *buffer_S1_B2,unsigned char cmd)
 163          //{
 164            
 165          //static unsigned char Buffer_port[30];
 166          //  unsigned char j=3;
 167          //  Buffer_port[0]=STX;                               /*inicio de cmd STx*/
 168          //  Buffer_port[1]=cmd;                               /*cmd*/
 169          //  Buffer_port[2]=21;                                /*numero de digitos de transmicion NO IMPORTA NO ES VALIDADO EN PRINC
             -IPAL*/
 170          //  do
 171          //  {
 172          //   Buffer_port[j++]=*buffer_S1_B0;                  /*ticket*/
 173          //    buffer_S1_B0++;
 174          //  }while (*buffer_S1_B0!=0);
C51 COMPILER V9.59.0.0   PTO_PARALELO                                                      07/16/2021 16:28:18 PAGE 4   

 175          //  Buffer_port[2]=j-3;
 176          //  if(*(buffer_S1_B2+5)!=0)                          /*MF_DCTO           0x05        Tipo de descuento (00)sin descuento, (01xx 
             -xxxx) 0x40 fija fecha de salida,
 177          //                                                    10xx xxxx dcto por porcentaje xx xxxx= valor del porcentaje, 11xx xxxx dcto po
             -r dinero */
 178          //  {
 179          //    Buffer_port[j++]='-';                           /*separador del descuento*/
 180          //    Buffer_port[j++]=*(buffer_S1_B2+5)+0x30;        /*descuento pasado a ascii*/
 181          //  }
 182            
 183          
 184            
 185          //    Buffer_port[j++]='.';                           /*separador tipo de vehiculo*/
 186                                                              /*MF_TIPO_VEHICULO  0x08              tipo vehiculo 00 carro, 01 moto, 02 bicicleta, 04 
             -tractomula*/
 187              
 188          //    if(*(buffer_S1_B2+8)!=0)
 189          //    {
 190          //      Buffer_port[j++]='M';                         /*moto*/
 191          //    }
 192          //    else
 193          //    {
 194          //      Buffer_port[j++]='C';                         /*carro*/
 195          //    }
 196              
 197              
 198          //    ready=0;
 199                //while(busy==0);
 200          //    send_port(Buffer_port,j);                         /*trama transmitida pto paralelo*/
 201          //      Debug_Dividir_texto();                                              /*division del texto */
 202                        
 203          //      DebugBufferMF(Buffer_port,j,1);   
 204          //      Debug_Dividir_texto();  
 205              
 206                
 207          //}
 208          
 209          /*-------------------------------------------------------------------------------------------
 210          Funcion q arma la trama a transmitir pto paralelo trama 
 211          C = cajero
 212          s =
 213          -------------------------------------------------------------------------------------------*/ 
 214          //void Trama_pto_Paralelo_C_s(unsigned char *buffer_S1_B0,unsigned char *buffer_S1_B2)
 215          //{
 216          //  unsigned char Buffer_port[30];
 217          //  unsigned char j=2;
 218          //  Buffer_port[0]=STX;                               /*inicio de cmd STx*/
 219            //Buffer_port[1]=cmd;                               /*cmd*/
 220            
 221          //  do
 222            //{
 223            // Buffer_port[j++]=*buffer_S1_B0;                  /*ticket*/
 224            //  buffer_S1_B0++;
 225            //}while (*buffer_S1_B0!=0);
 226            
 227            
 228                  
 229            
 230            
 231            //if(*(buffer_S1_B2+5)!=0)                          /*MF_DCTO           0x05        Tipo de descuento (00)sin descuento, (01xx 
             -xxxx) 0x40 fija fecha de salida,
 232          //                                                    10xx xxxx dcto por porcentaje xx xxxx= valor del porcentaje, 11xx xxxx dcto po
C51 COMPILER V9.59.0.0   PTO_PARALELO                                                      07/16/2021 16:28:18 PAGE 5   

             -r dinero */
 233            //{
 234              //Buffer_port[j++]='-';                           /*separador del descuento*/
 235              //Buffer_port[j++]=*(buffer_S1_B2+5)+0x30;        /*descuento pasado a ascii*/
 236            //}
 237            //else
 238            //{
 239            //  Buffer_port[j++]='-';                           /*separador del descuento*/
 240            //  Buffer_port[j++]='0';
 241            //}
 242            //if((*(buffer_S1_B2+9)&0x0f)==0x0f)                  /*MF_IN_PAGO=0x09       si es =0x0f fue liquidado en cajero   */
             -  
 243            //{
 244              //Buffer_port[1]='C';
 245            //}
 246            //else
 247            //{
 248            //  Buffer_port[1]='s';
 249            //}
 250            //  Buffer_port[j++]='-';                           /*separador de la fecha de entrada*/
 251            //  Buffer_port[j++]=*(buffer_S1_B2+0)+0x030;       /*año de entrada*/
 252            //  Buffer_port[j++]=*(buffer_S1_B2+1)+0x030;       /*mes de entrada*/
 253            //  Buffer_port[j++]=*(buffer_S1_B2+2)+0x030;       /*dia de entrada*/
 254            //  Buffer_port[j++]=*(buffer_S1_B2+3)+0x030;       /*hora de entrada*/
 255            //  Buffer_port[j++]=*(buffer_S1_B2+4)+0x030;       /*minutos de entrada*/
 256            
 257          //    Buffer_port[j++]='.';                           /*separador tipo de vehiculo*/
 258                                                              /*MF_TIPO_VEHICULO  0x08              tipo vehiculo 00 carro, 01 moto, 02 bicicleta, 04 
             -tractomula*/
 259              
 260            //  if(*(buffer_S1_B2+8)!=0)
 261              //{
 262                //Buffer_port[j++]='M';                         /*moto*/
 263              //}
 264              //else
 265              //{
 266              //  Buffer_port[j++]='C';                         /*carro*/
 267              //}
 268              //Buffer_port[j++]=ETX; 
 269              //while(busy==0);
 270              //send_port(Buffer_port,j);                         /*trama transmitida pto paralelo*/
 271              
 272            
 273          //}
 274          
 275          /*-------------------------------------------------------------------------------------------
 276          Funcion q arma la trama a transmitir pto paralelo trama g
 277          -------------------------------------------------------------------------------------------*/ 
 278          /*TEMPORARMENTE FUERA DE SERVICIO POR EXPEDIDOR TICKET*/
 279          //void Trama_pto_Paralelo_new(unsigned char *buffer_S1_B0,unsigned char *buffer_S1_B2,unsigned char cmd)
 280          //{
 281          //  unsigned char Buffer_port[30];
 282          //  unsigned char j=2;
 283            
 284          //  Buffer_port[0]=STX;                               /*inicio de cmd STx*/
 285          //  Buffer_port[1]=cmd;                               /*cmd*/
 286          
 287          //  do
 288          //  {
 289          //   Buffer_port[j++]=*buffer_S1_B0;                  /*ticket*/
 290          //    buffer_S1_B0++;
 291          //  }while (*buffer_S1_B0!=0);
C51 COMPILER V9.59.0.0   PTO_PARALELO                                                      07/16/2021 16:28:18 PAGE 6   

 292            
 293          //  if(*(buffer_S1_B2+5)!=0)                          /*MF_DCTO           0x05        Tipo de descuento (00)sin descuento, (01xx 
             -xxxx) 0x40 fija fecha de salida,
 294          //                                                    10xx xxxx dcto por porcentaje xx xxxx= valor del porcentaje, 11xx xxxx dcto po
             -r dinero */
 295          //  {
 296            //  Buffer_port[j++]='-';                           /*separador del descuento*/
 297          //    Buffer_port[j++]=*(buffer_S1_B2+5)+0x30;        /*descuento pasado a ascii*/
 298          //  }
 299          //  else
 300          //  {
 301          //    Buffer_port[j++]='-';                           /*separador del descuento*/
 302          //    Buffer_port[j++]='0';
 303          //  }
 304            
 305          //  if((*(buffer_S1_B2+9)&0x0f)==0x0f)                  /*MF_IN_PAGO=0x09       si es =0x0f fue liquidado en cajero   */
             -  
 306          //  {
 307          //    Buffer_port[1]='C';
 308          //  }
 309          //  else
 310          //  {
 311          //    Buffer_port[1]='s';
 312          //  }
 313            
 314          //    Buffer_port[j++]='-';                           /*separador de la fecha de entrada*/
 315          //    Buffer_port[j++]=*(buffer_S1_B2+0)+0x030;       /*año de entrada*/
 316          //    Buffer_port[j++]=*(buffer_S1_B2+1)+0x030;       /*mes de entrada*/
 317          //    Buffer_port[j++]=*(buffer_S1_B2+2)+0x030;       /*dia de entrada*/
 318          //    Buffer_port[j++]=*(buffer_S1_B2+3)+0x030;       /*hora de entrada*/
 319          //    Buffer_port[j++]=*(buffer_S1_B2+4)+0x030;       /*minutos de entrada*/
 320          //    Buffer_port[j++]='-'; 
 321              
 322          //    Block_read_Clock_Hex(Buffer_port+j);
 323              
 324          //    Buffer_port[j++]=Buffer_port[j]+ 0x30;
 325          //    Buffer_port[j++]=Buffer_port[j]+ 0x30;
 326          //    Buffer_port[j++]=Buffer_port[j]+ 0x30;
 327          //    Buffer_port[j++]=Buffer_port[j]+ 0x30;
 328          //    Buffer_port[j++]=Buffer_port[j]+ 0x30;
 329              
 330              
 331            
 332          //    Buffer_port[j++]='.';                           /*separador tipo de vehiculo*/
 333                                                              /*MF_TIPO_VEHICULO  0x08              tipo vehiculo 00 carro, 01 moto, 02 bicicleta, 04 
             -tractomula*/
 334              
 335          //    if(*(buffer_S1_B2+8)!=0)
 336          //    {
 337          //      Buffer_port[j++]='M';                         /*moto*/
 338            //  }
 339            //  else
 340          //    {
 341          //      Buffer_port[j++]='C';                         /*carro*/
 342          //    }
 343          //    Buffer_port[j++]=ETX; 
 344            
 345              
 346          //    ready=0;
 347          //      while(busy==0);
 348          //    send_port(Buffer_port,j);                         /*trama transmitida pto paralelo*/
 349              
C51 COMPILER V9.59.0.0   PTO_PARALELO                                                      07/16/2021 16:28:18 PAGE 7   

 350          //      Debug_Dividir_texto();                                              /*division del texto */
 351                        
 352          //      DebugBufferMF(Buffer_port,j,1);   
 353          //      Debug_Dividir_texto();  
 354          //}
 355          
 356          /*-------------------------------------------------------------------------------------------
 357          Funcion q arma la trama a transmitir pto paralelo trama de salida codigo qr o barras
 358          -------------------------------------------------------------------------------------------*/ 
 359          /*
 360          void Trama_pto_print_out(unsigned char cmd)
 361          {
 362            unsigned char Buffer_port[30];
 363            unsigned char j=2;
 364            
 365            Buffer_port[0]=STX;                               /*inicio de cmd STx*/
 366          //  Buffer_port[1]=cmd;                               /*cmd*/
 367          //}
 368          /*--------------------------------------------------------------------------------------------------------
 369          la trama 02,a,No ticket,,tipo vehiculo,,fecha_int,10 ceros o fecha maxima de salida, placa, etx
 370          ---------------------------------------------------------------------------------------------------------*
             -/
 371          void Trama_pto_paralelo_printer(unsigned char cmd)
 372          {
 373   1        unsigned char Buffer_port[30];
 374   1        unsigned char serie[10];
 375   1        unsigned char j=2;
 376   1        unsigned char t,p,temp=0;
 377   1        Buffer_port[0]=STX;                                   /*inicio de cmd STx*/
 378   1        Buffer_port[1]=cmd;                                   /*cmd*/
 379   1        
 380   1        
 381   1        serie_ascii_siceros_l(serie);                         /*numero de ticket*/
 382   1        p=strlen(serie);                                      /*longitud del ticket*/
 383   1        t=0;
 384   1        j=2;
 385   1        do
 386   1        {
 387   2         Buffer_port[j++]=serie[t];                           /*ticket o consecutivo almacenado en el buffer*/
 388   2          p--;
 389   2          t++;
 390   2        }while (p!=0);  
 391   1            
 392   1        Buffer_port[j++]='-';
 393   1        temp=j;
 394   1        Block_read_Clock_Hex(Buffer_port+j);                   /*fecha de entrada*/
 395   1        j=temp;
 396   1        Buffer_port[j++]=Buffer_port[j]+ 0x30;
 397   1        Buffer_port[j++]=Buffer_port[j]+ 0x30;
 398   1        Buffer_port[j++]=Buffer_port[j]+ 0x30;
 399   1        Buffer_port[j++]=Buffer_port[j]+ 0x30;
 400   1        Buffer_port[j++]=Buffer_port[j]+ 0x30;
 401   1      
 402   1        Buffer_port[j++]='-';
 403   1          
 404   1        p=strlen(placa);                                        /*longitud de la placa*/
 405   1        
 406   1        t=0;
 407   1        if(p!=0)
 408   1        {   
 409   2          do
 410   2          {
C51 COMPILER V9.59.0.0   PTO_PARALELO                                                      07/16/2021 16:28:18 PAGE 8   

 411   3          Buffer_port[j++]=placa[t];                              /*almaceno la placa en el buffer*/
 412   3          p--;
 413   3          t++;
 414   3          }while (p!=0);
 415   2        }
 416   1        else
 417   1        {
 418   2          Buffer_port[j++]=' ';                                   /*no hay placa*/
 419   2        }
 420   1      
 421   1        Buffer_port[j++]=ETX;                                     /*final de la trama*/
 422   1        
 423   1        ready=0;
 424   1        while(busy==0);
 425   1        send_port(Buffer_port,j);                               /*trama transmitida pto paralelo*/
 426   1          
 427   1        Debug_Dividir_texto();                                  /*division del texto */
 428   1                    
 429   1        DebugBufferMF(Buffer_port,j,1);                         /*debuger de la trama*/
 430   1        Debug_Dividir_texto();    
 431   1      }
 432          
 433          /*-------------------------------------------------------------------------------------------
 434          Reloj del pto paralelo
 435          -------------------------------------------------------------------------------------------*/
 436          void Pulso_Bus(void)
 437          {
 438   1        port_clk=0;
 439   1        Delay_20us(40);                 //33
 440   1        port_clk=1;
 441   1        Delay_20us(40);                 /*wait_ancho*/
 442   1      }
 443          /*-------------------------------------------------------------------------------------------
 444          Envia msj de error visualizar en el lcd del micro principal
 445          -------------------------------------------------------------------------------------------*/
 446          void send_portERR(unsigned char cod_err)
 447          {
 448   1        unsigned char timeOut;
 449   1        long int cont;
 450   1        
 451   1        port_clk=1;                                   /*Reloj del pto paralelo El que transmite debe fijar primero el Clk en 1*/
 452   1        rx_in_data=0;                                 //Led de visualizacion  ON
 453   1        timeOut=0;
 454   1        cont=15000;
 455   1        
 456   1        P2=cod_err;
 457   1        ready=0;                                      //Genera interrupcion al Principal
 458   1        while ((busy==1)&&(timeOut==0))               //Espera reconocimiento INT por entrada busy
 459   1        {
 460   2          cont--;
 461   2          if (cont==0)
 462   2          {
 463   3            timeOut=1;
 464   3          }
 465   2        }
 466   1        if ((timeOut==0)&&(busy==0))
 467   1        {
 468   2              P2=cod_err;
 469   2            Pulso_Bus();
 470   2        }
 471   1        ready=1;
 472   1        port_clk=1;
C51 COMPILER V9.59.0.0   PTO_PARALELO                                                      07/16/2021 16:28:18 PAGE 9   

 473   1        rx_in_data=1;                                   //Led de visualizacion  OFF
 474   1      
 475   1        P2=0XFF;
 476   1      
 477   1        Delay_20us(98); 
 478   1        Delay_20us(98); 
 479   1        
 480   1      }
 481          /*-------------------------------------------------------------------------------------------
 482          Condiciones de Inicio del pto paralelo
 483          -------------------------------------------------------------------------------------------*/
 484          void cond_ini_pto()
 485          { 
 486   1        
 487   1        port_clk=1;
 488   1        ready=1;
 489   1        rx_in_data=1;
 490   1        P2=0xff;
 491   1      }
 492          /*------------------------------------------------------------------------------
 493          Funcion q carga el reloj y lo envia por el pto paralelo
 494          msj informativo con el pulsador funcion 
 495          ------------------------------------------------------------------------------*/
 496          void load_and_send_info_reloj()
 497          {
 498   1        unsigned char buffer_info[11];
 499   1        
 500   1          buffer_info[0]=STX;                   /*STX*/
 501   1          
 502   1          buffer_info[1]='i';                   /*se envia el cmd*/
 503   1          
 504   1          Block_read_Clock(buffer_info+2);      /*año, mes,dia, hora, minutos, segundos*/
 505   1          buffer_info[8]=lee_clk(0x8b);         //Dia semana
 506   1          buffer_info[9]=ETX;                   //ETX
 507   1      
 508   1         
 509   1      
 510   1          send_port(buffer_info,10);
 511   1      }
 512          
 513          /*------------------------------------------------------------------------------
 514          procedimiento que transmite por el pto paralelo ID_cliente,COD_park
 515          con el pulsador funcion
 516          ------------------------------------------------------------------------------*/ 
 517          void load_and_send_id_cod()
 518          {
 519   1      unsigned char buffer_info[11];
 520   1      unsigned char buf[4];
 521   1      unsigned char i,k;
 522   1      k=0;
 523   1      
 524   1          buffer_info[0]=STX;                       //STX
 525   1          buffer_info[1]='D';                       // nombre del comando de id_cliente, cod_park
 526   1          sprintf(buf,"%d",ID_CLIENTE);             /*ID_CLIENTE lo paso a strim */
 527   1          for(i=2;;i++)
 528   1          {
 529   2            if(buf[k] !=0)                          /*alamaceno id del clinete en el buffer*/
 530   2            {
 531   3            buffer_info[i]=buf[k] ;                 /*alamaceno el dato en el buffer*/
 532   3            k++;
 533   3            }
 534   2              else {buffer_info[i]=';'; i++; break;}  /*le pongo un  separador */
C51 COMPILER V9.59.0.0   PTO_PARALELO                                                      07/16/2021 16:28:18 PAGE 10  

 535   2              
 536   2           }
 537   1        
 538   1        
 539   1           sprintf(buf,"%d",COD_PARK);                /*cod_park lo paso a strim*/
 540   1          
 541   1          for(k=0;;i++)
 542   1          {
 543   2            if(buf[k] !=0)
 544   2            {
 545   3            buffer_info[i]=buf[k] ;                   /*lo almaceno en el  buffer*/
 546   3            k++;
 547   3            }else {buffer_info[i]=';'; i++; break;}
 548   2           }
 549   1        
 550   1        
 551   1            buffer_info[i]=ETX;                     //ETX
 552   1            send_port(buffer_info,i);                 /*se transmite informacion pt0 paralelo*/
 553   1      }


MODULE INFORMATION:   STATIC OVERLAYABLE
   CODE SIZE        =   1272    ----
   CONSTANT SIZE    =      3    ----
   XDATA SIZE       =   ----      93
   PDATA SIZE       =   ----    ----
   DATA SIZE        =   ----    ----
   IDATA SIZE       =   ----    ----
   BIT SIZE         =   ----    ----
END OF MODULE INFORMATION.


C51 COMPILATION COMPLETE.  0 WARNING(S),  0 ERROR(S)
